{
  "alphafold_used_as_evidence": false,
  "benchmark_claim_allowed_after_native_audit": false,
  "best_branch_by_f1_after_native_audit": "leave_one_out_empirical_sequence_prior",
  "best_branch_by_recall_after_native_audit": "empirical_local_plus_dg_long_range_fusion",
  "branches": [
    {
      "branch": "iterative_dg_diffusion",
      "contact_map_f1": 0.16016,
      "false_contact_rate": 0.818182,
      "false_negative_contacts": 479,
      "false_positive_contacts": 360,
      "folding_problem_solved_after_native_audit": false,
      "long_range_contact_recall": 0.088083,
      "native_contact_count": 559,
      "native_contact_precision": 0.181818,
      "native_contact_recall": 0.143113,
      "predicted_contact_count": 440,
      "predicted_long_range_contact_count": 115,
      "short_range_contact_recall": 0.161932,
      "true_positive_contacts": 80
    },
    {
      "branch": "leave_one_out_empirical_sequence_prior",
      "contact_map_f1": 0.43,
      "false_contact_rate": 0.512472,
      "false_negative_contacts": 344,
      "false_positive_contacts": 226,
      "folding_problem_solved_after_native_audit": false,
      "long_range_contact_recall": 0.0,
      "native_contact_count": 559,
      "native_contact_precision": 0.487528,
      "native_contact_recall": 0.384615,
      "predicted_contact_count": 441,
      "predicted_long_range_contact_count": 0,
      "short_range_contact_recall": 0.610795,
      "true_positive_contacts": 215
    },
    {
      "branch": "empirical_local_plus_dg_long_range_fusion",
      "contact_map_f1": 0.416143,
      "false_contact_rate": 0.582734,
      "false_negative_contacts": 327,
      "false_positive_contacts": 324,
      "folding_problem_solved_after_native_audit": false,
      "long_range_contact_recall": 0.088083,
      "native_contact_count": 559,
      "native_contact_precision": 0.417266,
      "native_contact_recall": 0.415027,
      "predicted_contact_count": 556,
      "predicted_long_range_contact_count": 115,
      "short_range_contact_recall": 0.610795,
      "true_positive_contacts": 232
    }
  ],
  "claim_rejection_reason": "no_noaf_branch_reached_0_70_precision_0_70_recall_0_70_long_range_recall",
  "folding_problem_solved_after_native_audit": false,
  "gif_generation_used": false,
  "internet_required_to_run_project_scripts": false,
  "kind": "4ake_no_alphafold_final_frontier_report_v0",
  "msa_used_as_evidence": false,
  "raw_sequence_persisted": false,
  "sequence_hash": "c7fb9fc96e9e0aabc1a454ba36086dc00a2fc71387e8d5fb44a50d830b27d697",
  "sequence_length": 214,
  "source_accession": "4AKE:A",
  "target_coordinate_truth_used_before_selection": false,
  "target_native_truth_used_before_selection": false,
  "training_coordinate_truth_used_from_non_target_rows_in_empirical_branch": true
}
