kind=omegafold_safe_runner_v1
fasta=4ake.fasta
outdir=/Users/draganamitova/My Projects/pharmacotopology/external_msa_free_predictors/tryhard_runs_live/omegafold_out
timeout_seconds=1200
started_utc=2026-06-08T10:53:52Z
using=git_clone_attempt
Cloning into 'OmegaFold'...
running install
running bdist_egg
running egg_info
creating OmegaFold.egg-info
writing OmegaFold.egg-info/PKG-INFO
writing dependency_links to OmegaFold.egg-info/dependency_links.txt
writing entry points to OmegaFold.egg-info/entry_points.txt
writing requirements to OmegaFold.egg-info/requires.txt
writing top-level names to OmegaFold.egg-info/top_level.txt
writing manifest file 'OmegaFold.egg-info/SOURCES.txt'
reading manifest file 'OmegaFold.egg-info/SOURCES.txt'
adding license file 'LICENSE'
writing manifest file 'OmegaFold.egg-info/SOURCES.txt'
installing library code to build/bdist.macosx-10.9-universal2/egg
running install_lib
running build_py
creating build
creating build/lib
creating build/lib/omegafold
copying omegafold/omegaplm.py -> build/lib/omegafold
copying omegafold/config.py -> build/lib/omegafold
copying omegafold/confidence.py -> build/lib/omegafold
copying omegafold/geoformer.py -> build/lib/omegafold
copying omegafold/__init__.py -> build/lib/omegafold
copying omegafold/embedders.py -> build/lib/omegafold
copying omegafold/model.py -> build/lib/omegafold
copying omegafold/pipeline.py -> build/lib/omegafold
copying omegafold/modules.py -> build/lib/omegafold
copying omegafold/decode.py -> build/lib/omegafold
copying omegafold/__main__.py -> build/lib/omegafold
creating build/lib/omegafold/utils
copying omegafold/utils/__init__.py -> build/lib/omegafold/utils
copying omegafold/utils/torch_utils.py -> build/lib/omegafold/utils
creating build/lib/omegafold/utils/protein_utils
copying omegafold/utils/protein_utils/functions.py -> build/lib/omegafold/utils/protein_utils
copying omegafold/utils/protein_utils/__init__.py -> build/lib/omegafold/utils/protein_utils
copying omegafold/utils/protein_utils/residue_constants.py -> build/lib/omegafold/utils/protein_utils
copying omegafold/utils/protein_utils/aaframe.py -> build/lib/omegafold/utils/protein_utils
creating build/bdist.macosx-10.9-universal2
creating build/bdist.macosx-10.9-universal2/egg
creating build/bdist.macosx-10.9-universal2/egg/omegafold
copying build/lib/omegafold/omegaplm.py -> build/bdist.macosx-10.9-universal2/egg/omegafold
copying build/lib/omegafold/config.py -> build/bdist.macosx-10.9-universal2/egg/omegafold
copying build/lib/omegafold/confidence.py -> build/bdist.macosx-10.9-universal2/egg/omegafold
copying build/lib/omegafold/geoformer.py -> build/bdist.macosx-10.9-universal2/egg/omegafold
copying build/lib/omegafold/__init__.py -> build/bdist.macosx-10.9-universal2/egg/omegafold
creating build/bdist.macosx-10.9-universal2/egg/omegafold/utils
copying build/lib/omegafold/utils/__init__.py -> build/bdist.macosx-10.9-universal2/egg/omegafold/utils
creating build/bdist.macosx-10.9-universal2/egg/omegafold/utils/protein_utils
copying build/lib/omegafold/utils/protein_utils/functions.py -> build/bdist.macosx-10.9-universal2/egg/omegafold/utils/protein_utils
copying build/lib/omegafold/utils/protein_utils/__init__.py -> build/bdist.macosx-10.9-universal2/egg/omegafold/utils/protein_utils
copying build/lib/omegafold/utils/protein_utils/residue_constants.py -> build/bdist.macosx-10.9-universal2/egg/omegafold/utils/protein_utils
copying build/lib/omegafold/utils/protein_utils/aaframe.py -> build/bdist.macosx-10.9-universal2/egg/omegafold/utils/protein_utils
copying build/lib/omegafold/utils/torch_utils.py -> build/bdist.macosx-10.9-universal2/egg/omegafold/utils
copying build/lib/omegafold/embedders.py -> build/bdist.macosx-10.9-universal2/egg/omegafold
copying build/lib/omegafold/model.py -> build/bdist.macosx-10.9-universal2/egg/omegafold
copying build/lib/omegafold/pipeline.py -> build/bdist.macosx-10.9-universal2/egg/omegafold
copying build/lib/omegafold/modules.py -> build/bdist.macosx-10.9-universal2/egg/omegafold
copying build/lib/omegafold/decode.py -> build/bdist.macosx-10.9-universal2/egg/omegafold
copying build/lib/omegafold/__main__.py -> build/bdist.macosx-10.9-universal2/egg/omegafold
byte-compiling build/bdist.macosx-10.9-universal2/egg/omegafold/omegaplm.py to omegaplm.cpython-39.pyc
byte-compiling build/bdist.macosx-10.9-universal2/egg/omegafold/config.py to config.cpython-39.pyc
byte-compiling build/bdist.macosx-10.9-universal2/egg/omegafold/confidence.py to confidence.cpython-39.pyc
byte-compiling build/bdist.macosx-10.9-universal2/egg/omegafold/geoformer.py to geoformer.cpython-39.pyc
byte-compiling build/bdist.macosx-10.9-universal2/egg/omegafold/__init__.py to __init__.cpython-39.pyc
byte-compiling build/bdist.macosx-10.9-universal2/egg/omegafold/utils/__init__.py to __init__.cpython-39.pyc
byte-compiling build/bdist.macosx-10.9-universal2/egg/omegafold/utils/protein_utils/functions.py to functions.cpython-39.pyc
byte-compiling build/bdist.macosx-10.9-universal2/egg/omegafold/utils/protein_utils/__init__.py to __init__.cpython-39.pyc
byte-compiling build/bdist.macosx-10.9-universal2/egg/omegafold/utils/protein_utils/residue_constants.py to residue_constants.cpython-39.pyc
byte-compiling build/bdist.macosx-10.9-universal2/egg/omegafold/utils/protein_utils/aaframe.py to aaframe.cpython-39.pyc
byte-compiling build/bdist.macosx-10.9-universal2/egg/omegafold/utils/torch_utils.py to torch_utils.cpython-39.pyc
byte-compiling build/bdist.macosx-10.9-universal2/egg/omegafold/embedders.py to embedders.cpython-39.pyc
byte-compiling build/bdist.macosx-10.9-universal2/egg/omegafold/model.py to model.cpython-39.pyc
byte-compiling build/bdist.macosx-10.9-universal2/egg/omegafold/pipeline.py to pipeline.cpython-39.pyc
byte-compiling build/bdist.macosx-10.9-universal2/egg/omegafold/modules.py to modules.cpython-39.pyc
byte-compiling build/bdist.macosx-10.9-universal2/egg/omegafold/decode.py to decode.cpython-39.pyc
byte-compiling build/bdist.macosx-10.9-universal2/egg/omegafold/__main__.py to __main__.cpython-39.pyc
creating build/bdist.macosx-10.9-universal2/egg/EGG-INFO
copying OmegaFold.egg-info/PKG-INFO -> build/bdist.macosx-10.9-universal2/egg/EGG-INFO
copying OmegaFold.egg-info/SOURCES.txt -> build/bdist.macosx-10.9-universal2/egg/EGG-INFO
copying OmegaFold.egg-info/dependency_links.txt -> build/bdist.macosx-10.9-universal2/egg/EGG-INFO
copying OmegaFold.egg-info/entry_points.txt -> build/bdist.macosx-10.9-universal2/egg/EGG-INFO
copying OmegaFold.egg-info/requires.txt -> build/bdist.macosx-10.9-universal2/egg/EGG-INFO
copying OmegaFold.egg-info/top_level.txt -> build/bdist.macosx-10.9-universal2/egg/EGG-INFO
zip_safe flag not set; analyzing archive contents...
creating dist
creating 'dist/OmegaFold-0.0.0-py3.9.egg' and adding 'build/bdist.macosx-10.9-universal2/egg' to it
removing 'build/bdist.macosx-10.9-universal2/egg' (and everything under it)
Processing OmegaFold-0.0.0-py3.9.egg
Copying OmegaFold-0.0.0-py3.9.egg to /Users/draganamitova/My Projects/pharmacotopology/.venv/lib/python3.9/site-packages
Adding OmegaFold 0.0.0 to easy-install.pth file
Installing omegafold script to /Users/draganamitova/My Projects/pharmacotopology/.venv/bin

Installed /Users/draganamitova/My Projects/pharmacotopology/.venv/lib/python3.9/site-packages/OmegaFold-0.0.0-py3.9.egg
Processing dependencies for OmegaFold==0.0.0
Searching for torch@ https://download.pytorch.org/whl/cu113/torch-1.12.0%2Bcu113-cp39-cp39-linux_x86_64.whl
Reading https://pypi.org/simple/torch/
No local packages or working download links found for torch@ https://download.pytorch.org/whl/cu113/torch-1.12.0%2Bcu113-cp39-cp39-linux_x86_64.whl
error: Could not find suitable distribution for Requirement.parse('torch@ https://download.pytorch.org/whl/cu113/torch-1.12.0%2Bcu113-cp39-cp39-linux_x86_64.whl')
Traceback (most recent call last):
  File "/Users/draganamitova/My Projects/pharmacotopology/external_msa_free_predictors/OmegaFold/main.py", line 3, in <module>
    from omegafold.__main__ import main
  File "/Users/draganamitova/My Projects/pharmacotopology/external_msa_free_predictors/OmegaFold/omegafold/__init__.py", line 24, in <module>
    from omegafold.model import OmegaFold
  File "/Users/draganamitova/My Projects/pharmacotopology/external_msa_free_predictors/OmegaFold/omegafold/model.py", line 26, in <module>
    import torch
ModuleNotFoundError: No module named 'torch'
